<?xml version="1.0" encoding="UTF-8"?>
<!-- Generated by org.testng.reporters.JUnitReportReporter -->
<testsuite skipped="0" hostname="LAPTOP-E36DAG2Q" name="com.hybridframework.testcases.TC_LoginTest_001" tests="1" failures="0" timestamp="25 Jun 2019 18:21:28 GMT" time="54.955" errors="0">
  <testcase name="loginTest" time="54.955" classname="com.hybridframework.testcases.TC_LoginTest_001"/>
</testsuite> <!-- com.hybridframework.testcases.TC_LoginTest_001 -->
