<?xml version="1.0" encoding="UTF-8"?>
<!-- Generated by org.testng.reporters.JUnitReportReporter -->
<testsuite skipped="0" hostname="LAPTOP-E36DAG2Q" name="com.hybridframework.testcases.TC_AddCustomerTest_003" tests="1" failures="0" timestamp="26 Jun 2019 17:26:42 GMT" time="31.198" errors="0">
  <testcase name="addNewCustomer" time="31.198" classname="com.hybridframework.testcases.TC_AddCustomerTest_003"/>
</testsuite> <!-- com.hybridframework.testcases.TC_AddCustomerTest_003 -->
