<?xml version="1.0" encoding="UTF-8"?>
<!-- Generated by org.testng.reporters.JUnitReportReporter -->
<testsuite skipped="0" hostname="LAPTOP-E36DAG2Q" name="com.hybridframework.testcases.TC_LoginTest_001" tests="1" failures="0" timestamp="26 Jun 2019 17:26:42 GMT" time="27.892" errors="0">
  <testcase name="loginTest" time="27.892" classname="com.hybridframework.testcases.TC_LoginTest_001"/>
</testsuite> <!-- com.hybridframework.testcases.TC_LoginTest_001 -->
